<?xml version="1.0" encoding="UTF-8"?>
<!-- Generated by org.testng.reporters.JUnitXMLReporter -->
<testsuite hostname="karthicks-MacBook-Air.local" ignored="0" name="Default test" tests="10" failures="0" timestamp="25 Mar 2021 02:25:03 GMT" time="29.697" errors="0">
  <testcase name="logintoMCF" time="10.475" classname="Two.MyContact_E2E_TestNG"/>
  <testcase name="newWizard" time="0.881" classname="Two.MyContact_E2E_TestNG"/>
  <testcase name="startWizard" time="0.642" classname="Two.MyContact_E2E_TestNG"/>
  <testcase name="basicFromInfo" time="0.813" classname="Two.MyContact_E2E_TestNG"/>
  <testcase name="sendToAddress" time="0.609" classname="Two.MyContact_E2E_TestNG"/>
  <testcase name="emailSubject_Step3" time="2.096" classname="Two.MyContact_E2E_TestNG"/>
  <testcase name="autoResponder_step4" time="0.873" classname="Two.MyContact_E2E_TestNG"/>
  <testcase name="formQuestion_step5" time="5.927" classname="Two.MyContact_E2E_TestNG"/>
  <testcase name="formApperance_Step8" time="3.584" classname="Two.MyContact_E2E_TestNG"/>
  <testcase name="formButtonsAndSite" time="1.228" classname="Two.MyContact_E2E_TestNG"/>
</testsuite> <!-- Default test -->
