<?xml version="1.0" encoding="UTF-8"?>
<testng-results skipped="0" failed="0" ignored="0" total="10" passed="10">
  <reporter-output>
  </reporter-output>
  <suite name="Default suite" duration-ms="29697" started-at="2021-03-25T02:24:29Z" finished-at="2021-03-25T02:24:58Z">
    <groups>
    </groups>
    <test name="Default test" duration-ms="29697" started-at="2021-03-25T02:24:29Z" finished-at="2021-03-25T02:24:58Z">
      <class name="Two.MyContact_E2E_TestNG">
        <test-method status="PASS" signature="setup()[pri:0, instance:Two.MyContact_E2E_TestNG@5e5792a0]" name="setup" is-config="true" duration-ms="2386" started-at="2021-03-25T07:54:29Z" finished-at="2021-03-25T07:54:31Z">
          <reporter-output>
          </reporter-output>
        </test-method> <!-- setup -->
        <test-method status="PASS" signature="logintoMCF()[pri:0, instance:Two.MyContact_E2E_TestNG@5e5792a0]" name="logintoMCF" duration-ms="10475" started-at="2021-03-25T07:54:31Z" finished-at="2021-03-25T07:54:42Z">
          <reporter-output>
          </reporter-output>
        </test-method> <!-- logintoMCF -->
        <test-method status="PASS" signature="newWizard()[pri:1, instance:Two.MyContact_E2E_TestNG@5e5792a0]" name="newWizard" duration-ms="881" started-at="2021-03-25T07:54:42Z" finished-at="2021-03-25T07:54:43Z">
          <reporter-output>
          </reporter-output>
        </test-method> <!-- newWizard -->
        <test-method status="PASS" signature="startWizard()[pri:2, instance:Two.MyContact_E2E_TestNG@5e5792a0]" name="startWizard" duration-ms="642" started-at="2021-03-25T07:54:43Z" finished-at="2021-03-25T07:54:43Z">
          <reporter-output>
          </reporter-output>
        </test-method> <!-- startWizard -->
        <test-method status="PASS" signature="basicFromInfo()[pri:3, instance:Two.MyContact_E2E_TestNG@5e5792a0]" name="basicFromInfo" duration-ms="813" started-at="2021-03-25T07:54:43Z" finished-at="2021-03-25T07:54:44Z">
          <reporter-output>
          </reporter-output>
        </test-method> <!-- basicFromInfo -->
        <test-method status="PASS" signature="sendToAddress()[pri:4, instance:Two.MyContact_E2E_TestNG@5e5792a0]" name="sendToAddress" duration-ms="609" started-at="2021-03-25T07:54:44Z" finished-at="2021-03-25T07:54:45Z">
          <reporter-output>
          </reporter-output>
        </test-method> <!-- sendToAddress -->
        <test-method status="PASS" signature="emailSubject_Step3()[pri:5, instance:Two.MyContact_E2E_TestNG@5e5792a0]" name="emailSubject_Step3" duration-ms="2096" started-at="2021-03-25T07:54:45Z" finished-at="2021-03-25T07:54:47Z">
          <reporter-output>
          </reporter-output>
        </test-method> <!-- emailSubject_Step3 -->
        <test-method status="PASS" signature="autoResponder_step4()[pri:6, instance:Two.MyContact_E2E_TestNG@5e5792a0]" name="autoResponder_step4" duration-ms="873" started-at="2021-03-25T07:54:47Z" finished-at="2021-03-25T07:54:48Z">
          <reporter-output>
          </reporter-output>
        </test-method> <!-- autoResponder_step4 -->
        <test-method status="PASS" signature="formQuestion_step5()[pri:7, instance:Two.MyContact_E2E_TestNG@5e5792a0]" name="formQuestion_step5" duration-ms="5927" started-at="2021-03-25T07:54:48Z" finished-at="2021-03-25T07:54:54Z">
          <reporter-output>
          </reporter-output>
        </test-method> <!-- formQuestion_step5 -->
        <test-method status="PASS" signature="formApperance_Step8()[pri:8, instance:Two.MyContact_E2E_TestNG@5e5792a0]" name="formApperance_Step8" duration-ms="3584" started-at="2021-03-25T07:54:54Z" finished-at="2021-03-25T07:54:57Z">
          <reporter-output>
          </reporter-output>
        </test-method> <!-- formApperance_Step8 -->
        <test-method status="PASS" signature="formButtonsAndSite()[pri:9, instance:Two.MyContact_E2E_TestNG@5e5792a0]" name="formButtonsAndSite" duration-ms="1228" started-at="2021-03-25T07:54:57Z" finished-at="2021-03-25T07:54:58Z">
          <reporter-output>
          </reporter-output>
        </test-method> <!-- formButtonsAndSite -->
        <test-method status="PASS" signature="tearDown()[pri:0, instance:Two.MyContact_E2E_TestNG@5e5792a0]" name="tearDown" is-config="true" duration-ms="110" started-at="2021-03-25T07:54:58Z" finished-at="2021-03-25T07:54:58Z">
          <reporter-output>
          </reporter-output>
        </test-method> <!-- tearDown -->
      </class> <!-- Two.MyContact_E2E_TestNG -->
    </test> <!-- Default test -->
  </suite> <!-- Default suite -->
</testng-results>
